# JRE version: OpenJDK Runtime Environment Corretto-11.0.24.8.1 (11.0.24+8) (build 11.0.24+8-LTS)
# Java VM: OpenJDK 64-Bit Server VM Corretto-11.0.24.8.1 (11.0.24+8-LTS, mixed mode, tiered, compressed oops, parallel gc, windows-amd64)
Heap:
 PSYoungGen      total 75776K, used 18586K [0x00000000d5580000, 0x00000000daa00000, 0x0000000100000000)
  eden space 65024K, 28% used [0x00000000d5580000,0x00000000d67a6870,0x00000000d9500000)
  from space 10752K, 0% used [0x00000000d9500000,0x00000000d9500000,0x00000000d9f80000)
  to   space 10752K, 0% used [0x00000000d9f80000,0x00000000d9f80000,0x00000000daa00000)
 ParOldGen       total 862208K, used 694718K [0x0000000080000000, 0x00000000b4a00000, 0x00000000d5580000)
  object space 862208K, 80% used [0x0000000080000000,0x00000000aa66fbc0,0x00000000b4a00000)
 Metaspace       used 25425K, capacity 26381K, committed 26624K, reserved 1073152K
  class space    used 2725K, capacity 3068K, committed 3072K, reserved 1048576K
GC Heap History (4 events):
Event: 0.789 GC heap before
{Heap before GC invocations=1 (full 0):
 PSYoungGen      total 75776K, used 61932K [0x00000000d5580000, 0x00000000daa00000, 0x0000000100000000)
  eden space 65024K, 95% used [0x00000000d5580000,0x00000000d91fb2b0,0x00000000d9500000)
  from space 10752K, 0% used [0x00000000d9f80000,0x00000000d9f80000,0x00000000daa00000)
  to   space 10752K, 0% used [0x00000000d9500000,0x00000000d9500000,0x00000000d9f80000)
 ParOldGen       total 173568K, used 0K [0x0000000080000000, 0x000000008a980000, 0x00000000d5580000)
  object space 173568K, 0% used [0x0000000080000000,0x0000000080000000,0x000000008a980000)
 Metaspace       used 20397K, capacity 21148K, committed 21248K, reserved 1069056K
  class space    used 2239K, capacity 2518K, committed 2560K, reserved 1048576K
}
Event: 0.794 GC heap after
{Heap after GC invocations=1 (full 0):
 PSYoungGen      total 75776K, used 6909K [0x00000000d5580000, 0x00000000daa00000, 0x0000000100000000)
  eden space 65024K, 0% used [0x00000000d5580000,0x00000000d5580000,0x00000000d9500000)
  from space 10752K, 64% used [0x00000000d9500000,0x00000000d9bbf4c8,0x00000000d9f80000)
  to   space 10752K, 0% used [0x00000000d9f80000,0x00000000d9f80000,0x00000000daa00000)
 ParOldGen       total 173568K, used 24K [0x0000000080000000, 0x000000008a980000, 0x00000000d5580000)
  object space 173568K, 0% used [0x0000000080000000,0x0000000080006000,0x000000008a980000)
 Metaspace       used 20397K, capacity 21148K, committed 21248K, reserved 1069056K
  class space    used 2239K, capacity 2518K, committed 2560K, reserved 1048576K
}
Event: 0.794 GC heap before
{Heap before GC invocations=2 (full 1):
 PSYoungGen      total 75776K, used 6909K [0x00000000d5580000, 0x00000000daa00000, 0x0000000100000000)
  eden space 65024K, 0% used [0x00000000d5580000,0x00000000d5580000,0x00000000d9500000)
  from space 10752K, 64% used [0x00000000d9500000,0x00000000d9bbf4c8,0x00000000d9f80000)
  to   space 10752K, 0% used [0x00000000d9f80000,0x00000000d9f80000,0x00000000daa00000)
 ParOldGen       total 173568K, used 24K [0x0000000080000000, 0x000000008a980000, 0x00000000d5580000)
  object space 173568K, 0% used [0x0000000080000000,0x0000000080006000,0x000000008a980000)
 Metaspace       used 20397K, capacity 21148K, committed 21248K, reserved 1069056K
  class space    used 2239K, capacity 2518K, committed 2560K, reserved 1048576K
}
Event: 0.812 GC heap after
{Heap after GC invocations=2 (full 1):
 PSYoungGen      total 75776K, used 0K [0x00000000d5580000, 0x00000000daa00000, 0x0000000100000000)
  eden space 65024K, 0% used [0x00000000d5580000,0x00000000d5580000,0x00000000d9500000)
  from space 10752K, 0% used [0x00000000d9500000,0x00000000d9500000,0x00000000d9f80000)
  to   space 10752K, 0% used [0x00000000d9f80000,0x00000000d9f80000,0x00000000daa00000)
 ParOldGen       total 173568K, used 6590K [0x0000000080000000, 0x000000008a980000, 0x00000000d5580000)
  object space 173568K, 3% used [0x0000000080000000,0x000000008066fbb0,0x000000008a980000)
 Metaspace       used 20397K, capacity 21148K, committed 21248K, reserved 1069056K
  class space    used 2239K, capacity 2518K, committed 2560K, reserved 1048576K
}

